\BOOKMARK [0][-]{section*.1}{\376\377\000A\000b\000s\000t\000r\000a\000c\000t}{}% 1
\BOOKMARK [0][-]{section*.2}{\376\377\000A\000c\000k\000n\000o\000w\000l\000e\000d\000g\000e\000m\000e\000n\000t\000s}{}% 2
\BOOKMARK [0][-]{chapter.7}{\376\377\000I\000n\000t\000r\000o\000d\000u\000c\000t\000i\000o\000n}{}% 3
\BOOKMARK [1][-]{section.8}{\376\377\000M\000o\000t\000i\000v\000a\000t\000i\000o\000n}{chapter.7}% 4
\BOOKMARK [2][-]{subsection.10}{\376\377\000T\000e\000c\000h\000n\000i\000c\000a\000l\000\040\000S\000o\000l\000u\000t\000i\000o\000n\000s}{section.8}% 5
\BOOKMARK [2][-]{subsection.11}{\376\377\000S\000o\000c\000i\000a\000l\000\040\000D\000e\000v\000e\000l\000o\000p\000m\000e\000n\000t\000s}{section.8}% 6
\BOOKMARK [2][-]{subsection.12}{\376\377\000S\000y\000n\000t\000h\000e\000s\000i\000s}{section.8}% 7
\BOOKMARK [1][-]{section.13}{\376\377\000O\000b\000j\000e\000c\000t\000i\000v\000e\000s}{chapter.7}% 8
\BOOKMARK [1][-]{section.17}{\376\377\000C\000o\000n\000t\000r\000i\000b\000u\000t\000i\000o\000n\000s}{chapter.7}% 9
\BOOKMARK [0][-]{chapter.18}{\376\377\000B\000a\000c\000k\000g\000r\000o\000u\000n\000d}{}% 10
\BOOKMARK [1][-]{section.19}{\376\377\000T\000h\000e\000\040\000D\000i\000s\000t\000r\000i\000b\000u\000t\000e\000d\000\040\000W\000e\000b}{chapter.18}% 11
\BOOKMARK [2][-]{subsection.20}{\376\377\000B\000l\000o\000c\000k\000c\000h\000a\000i\000n\000s}{section.19}% 12
\BOOKMARK [3][-]{section*.21}{\376\377\000I\000n\000t\000r\000o\000d\000u\000c\000t\000i\000o\000n}{subsection.20}% 13
\BOOKMARK [3][-]{section*.23}{\376\377\000T\000r\000a\000n\000s\000a\000c\000t\000i\000o\000n\000s\000\040\000a\000n\000d\000\040\000B\000l\000o\000c\000k\000s}{subsection.20}% 14
\BOOKMARK [3][-]{section*.24}{\376\377\000B\000l\000o\000c\000k\000c\000h\000a\000i\000n\000s\000\040\000a\000s\000\040\000S\000t\000a\000t\000e\000\040\000T\000r\000a\000n\000s\000i\000t\000i\000o\000n\000\040\000S\000y\000s\000t\000e\000m\000s}{subsection.20}% 15
\BOOKMARK [3][-]{section*.31}{\376\377\000B\000l\000o\000c\000k\000c\000h\000a\000i\000n\000\040\000m\000i\000n\000i\000n\000g}{subsection.20}% 16
\BOOKMARK [3][-]{section*.41}{\376\377\000P\000r\000o\000o\000f\000\040\000o\000f\000\040\000w\000o\000r\000k\000,\000\040\000h\000a\000s\000h\000\040\000f\000u\000n\000c\000t\000i\000o\000n\000s\000\040\000a\000n\000d\000\040\000s\000e\000c\000u\000r\000i\000t\000y}{subsection.20}% 17
\BOOKMARK [3][-]{section*.42}{\376\377\000I\000n\000c\000e\000n\000t\000i\000v\000i\000s\000a\000t\000i\000o\000n}{subsection.20}% 18
\BOOKMARK [3][-]{section*.43}{\376\377\000F\000o\000r\000k\000s\000\040\000a\000n\000d\000\040\000c\000o\000n\000s\000e\000n\000s\000u\000s}{subsection.20}% 19
\BOOKMARK [3][-]{section*.44}{\376\377\000P\000r\000o\000o\000f\000\040\000o\000f\000\040\000S\000t\000a\000k\000e}{subsection.20}% 20
\BOOKMARK [3][-]{section*.45}{\376\377\000S\000h\000a\000r\000d\000i\000n\000g}{subsection.20}% 21
\BOOKMARK [3][-]{section*.46}{\376\377\000V\000a\000l\000u\000e\000\040\000P\000r\000o\000p\000o\000s\000i\000t\000i\000o\000n}{subsection.20}% 22
\BOOKMARK [2][-]{subsection.47}{\376\377\000E\000t\000h\000e\000r\000e\000u\000m}{section.19}% 23
\BOOKMARK [3][-]{section*.48}{\376\377\000I\000n\000t\000r\000o\000d\000u\000c\000t\000i\000o\000n}{subsection.47}% 24
\BOOKMARK [3][-]{section*.49}{\376\377\000E\000t\000h\000e\000r\000e\000u\000m\000\040\000A\000c\000c\000o\000u\000n\000t\000s}{subsection.47}% 25
\BOOKMARK [3][-]{section*.51}{\376\377\000E\000t\000h\000e\000r\000e\000u\000m\000\040\000a\000s\000\040\000a\000\040\000s\000t\000a\000t\000e\000\040\000t\000r\000a\000n\000s\000i\000t\000i\000o\000n\000\040\000s\000y\000s\000t\000e\000m}{subsection.47}% 26
\BOOKMARK [3][-]{section*.53}{\376\377\000G\000a\000s}{subsection.47}% 27
\BOOKMARK [3][-]{section*.54}{\376\377\000B\000l\000o\000c\000k\000c\000h\000a\000i\000n\000\040\000M\000i\000n\000i\000n\000g}{subsection.47}% 28
\BOOKMARK [3][-]{section*.64}{\376\377\000S\000m\000a\000r\000t\000\040\000C\000o\000n\000t\000r\000a\000c\000t\000s}{subsection.47}% 29
\BOOKMARK [3][-]{section*.66}{\376\377\000D\000a\000p\000p\000s}{subsection.47}% 30
\BOOKMARK [3][-]{section*.67}{\376\377\000V\000a\000l\000u\000e\000\040\000P\000r\000o\000p\000o\000s\000i\000t\000i\000o\000n}{subsection.47}% 31
\BOOKMARK [2][-]{subsection.68}{\376\377\000T\000h\000e\000\040\000I\000n\000t\000e\000r\000P\000l\000a\000n\000e\000t\000a\000r\000y\000\040\000F\000i\000l\000e\000\040\000S\000y\000s\000t\000e\000m}{section.19}% 32
\BOOKMARK [3][-]{section*.69}{\376\377\000T\000h\000e\000\040\000P\000r\000o\000b\000l\000e\000m\000s}{subsection.68}% 33
\BOOKMARK [3][-]{section*.70}{\376\377\000T\000h\000e\000\040\000I\000P\000F\000S\000\040\000S\000o\000l\000u\000t\000i\000o\000n}{subsection.68}% 34
\BOOKMARK [1][-]{section.72}{\376\377\000C\000o\000o\000p\000e\000r\000a\000t\000i\000v\000e\000\040\000F\000o\000r\000m\000s\000\040\000o\000f\000\040\000O\000r\000g\000a\000n\000i\000s\000a\000t\000i\000o\000n}{chapter.18}% 35
\BOOKMARK [2][-]{subsection.73}{\376\377\000B\000r\000i\000e\000f\000\040\000H\000i\000s\000t\000o\000r\000y}{section.72}% 36
\BOOKMARK [2][-]{subsection.75}{\376\377\000P\000r\000i\000n\000c\000i\000p\000l\000e\000s\000\040\000O\000f\000\040\000C\000o\000o\000p\000e\000r\000a\000t\000i\000o\000n}{section.72}% 37
\BOOKMARK [2][-]{subsection.83}{\376\377\000S\000c\000a\000l\000e}{section.72}% 38
\BOOKMARK [2][-]{subsection.84}{\376\377\000C\000o\000o\000p\000e\000r\000a\000t\000i\000v\000e\000\040\000F\000o\000r\000m\000s}{section.72}% 39
\BOOKMARK [2][-]{subsection.85}{\376\377\000L\000e\000g\000a\000l\000\040\000I\000n\000c\000o\000r\000p\000o\000r\000a\000t\000i\000o\000n\000\040\000\046\000\040\000O\000f\000f\000i\000c\000i\000a\000l\000\040\000B\000o\000d\000i\000e\000s}{section.72}% 40
\BOOKMARK [2][-]{subsection.86}{\376\377\000T\000h\000e\000\040\000C\000o\000o\000p\000e\000r\000a\000t\000i\000v\000e\000\040\000M\000o\000v\000e\000m\000e\000n\000t\000\040\000T\000o\000d\000a\000y}{section.72}% 41
\BOOKMARK [1][-]{section.87}{\376\377\000R\000e\000l\000a\000t\000e\000d\000\040\000W\000o\000r\000k}{chapter.18}% 42
\BOOKMARK [2][-]{subsection.88}{\376\377\000L\000o\000o\000m\000i\000o}{section.87}% 43
\BOOKMARK [2][-]{subsection.89}{\376\377\000B\000o\000a\000r\000d\000r\000o\000o\000m}{section.87}% 44
\BOOKMARK [2][-]{subsection.90}{\376\377\000D\000i\000g\000i\000x\000D\000A\000O\000\040\000a\000n\000d\000\040\000T\000h\000e\000\040\000D\000A\000O}{section.87}% 45
\BOOKMARK [2][-]{subsection.91}{\376\377\000R\000o\000b\000i\000n\000\040\000H\000o\000o\000d\000\040\000A\000s\000s\000e\000t\000\040\000M\000a\000n\000a\000g\000e\000m\000e\000n\000t}{section.87}% 46
\BOOKMARK [2][-]{subsection.92}{\376\377\000B\000u\000y\000C\000o\000.\000i\000o}{section.87}% 47
\BOOKMARK [0][-]{chapter.93}{\376\377\000R\000e\000s\000e\000a\000r\000c\000h\000\040\000A\000n\000d\000\040\000D\000e\000s\000i\000g\000n}{}% 48
\BOOKMARK [1][-]{section.94}{\376\377\000C\000o\000o\000p\000e\000r\000a\000t\000i\000v\000e\000\040\000G\000o\000v\000e\000r\000n\000a\000n\000c\000e}{chapter.93}% 49
\BOOKMARK [2][-]{subsection.95}{\376\377\000C\000u\000r\000r\000e\000n\000t\000\040\000G\000o\000v\000e\000r\000n\000a\000n\000c\000e\000\040\000M\000o\000d\000e\000l}{section.94}% 50
\BOOKMARK [3][-]{section*.96}{\376\377\000M\000e\000m\000b\000e\000r\000s\000h\000i\000p}{subsection.95}% 51
\BOOKMARK [3][-]{section*.98}{\376\377\000G\000e\000n\000e\000r\000a\000l\000\040\000M\000e\000e\000t\000i\000n\000g\000s}{subsection.95}% 52
\BOOKMARK [3][-]{section*.100}{\376\377\000B\000o\000a\000r\000d\000\040\000o\000f\000\040\000D\000i\000r\000e\000c\000t\000o\000r\000s}{subsection.95}% 53
\BOOKMARK [3][-]{section*.101}{\376\377\000V\000o\000t\000i\000n\000g}{subsection.95}% 54
\BOOKMARK [3][-]{section*.104}{\376\377\000Q\000u\000o\000r\000u\000m}{subsection.95}% 55
\BOOKMARK [3][-]{section*.105}{\376\377\000R\000e\000s\000o\000l\000u\000t\000i\000o\000n\000s}{subsection.95}% 56
\BOOKMARK [2][-]{subsection.106}{\376\377\000A\000\040\000S\000c\000a\000l\000a\000b\000l\000e\000\040\000G\000o\000v\000e\000r\000n\000a\000n\000c\000e\000\040\000S\000o\000l\000u\000t\000i\000o\000n}{section.94}% 57
\BOOKMARK [3][-]{section*.107}{\376\377\000M\000e\000m\000b\000e\000r\000s\000h\000i\000p}{subsection.106}% 58
\BOOKMARK [3][-]{section*.108}{\376\377\000G\000e\000n\000e\000r\000a\000l\000\040\000M\000e\000e\000t\000i\000n\000g\000s}{subsection.106}% 59
\BOOKMARK [3][-]{section*.109}{\376\377\000R\000e\000s\000o\000l\000u\000t\000i\000o\000n\000s}{subsection.106}% 60
\BOOKMARK [3][-]{section*.110}{\376\377\000V\000o\000t\000i\000n\000g}{subsection.106}% 61
\BOOKMARK [3][-]{section*.111}{\376\377\000Q\000u\000o\000r\000u\000m\000\040\000a\000n\000d\000\040\000T\000h\000r\000e\000s\000h\000o\000l\000d\000s}{subsection.106}% 62
\BOOKMARK [3][-]{section*.112}{\376\377\000B\000o\000a\000r\000d\000s}{subsection.106}% 63
\BOOKMARK [1][-]{section.113}{\376\377\000P\000r\000i\000v\000a\000c\000y\000\040\000o\000n\000\040\000T\000h\000e\000\040\000B\000l\000o\000c\000k\000c\000h\000a\000i\000n}{chapter.93}% 64
\BOOKMARK [2][-]{subsection.114}{\376\377\000S\000t\000o\000r\000i\000n\000g\000\040\000P\000r\000i\000v\000a\000t\000e\000\040\000D\000a\000t\000a}{section.113}% 65
\BOOKMARK [2][-]{subsection.126}{\376\377\000C\000o\000m\000p\000u\000t\000i\000n\000g\000\040\000P\000r\000i\000v\000a\000t\000e\000\040\000D\000a\000t\000a}{section.113}% 66
\BOOKMARK [2][-]{subsection.127}{\376\377\000A\000\040\000W\000o\000r\000d\000\040\000o\000n\000\040\000S\000o\000l\000i\000d\000i\000t\000y\000\040\000A\000c\000c\000e\000s\000s\000\040\000M\000o\000d\000i\000f\000i\000e\000r\000s}{section.113}% 67
\BOOKMARK [1][-]{section.129}{\376\377\000O\000r\000a\000c\000l\000e\000s\000\040\000A\000n\000d\000\040\000I\000d\000e\000n\000t\000i\000t\000y\000\040\000M\000a\000n\000a\000g\000e\000m\000e\000n\000t}{chapter.93}% 68
\BOOKMARK [2][-]{subsection.130}{\376\377\000e\000-\000R\000e\000s\000i\000d\000e\000n\000c\000y}{section.129}% 69
\BOOKMARK [2][-]{subsection.132}{\376\377\000C\000u\000r\000a\000t\000o\000r\000s}{section.129}% 70
\BOOKMARK [1][-]{section.133}{\376\377\000B\000l\000o\000c\000k\000c\000h\000a\000i\000n\000\040\000T\000i\000m\000e}{chapter.93}% 71
\BOOKMARK [2][-]{subsection.134}{\376\377\000A\000c\000c\000u\000r\000a\000t\000e\000\040\000T\000i\000m\000e\000s\000t\000a\000m\000p\000s}{section.133}% 72
\BOOKMARK [2][-]{subsection.135}{\376\377\000S\000c\000h\000e\000d\000u\000l\000e\000d\000\040\000E\000x\000e\000c\000u\000t\000i\000o\000n}{section.133}% 73
\BOOKMARK [1][-]{section.138}{\376\377\000I\000d\000e\000a\000l\000i\000s\000e\000d\000\040\000W\000e\000b\0003\000.\0000\000\040\000A\000r\000c\000h\000i\000t\000e\000c\000t\000u\000r\000e}{chapter.93}% 74
\BOOKMARK [2][-]{subsection.145}{\376\377\000S\000t\000a\000t\000u\000s}{section.138}% 75
\BOOKMARK [1][-]{section.146}{\376\377\000S\000m\000a\000r\000t\000\040\000C\000o\000n\000t\000r\000a\000c\000t\000\040\000D\000e\000s\000i\000g\000n\000\040\000P\000a\000t\000t\000e\000r\000n\000s}{chapter.93}% 76
\BOOKMARK [2][-]{subsection.147}{\376\377\000E\000v\000e\000n\000t\000s}{section.146}% 77
\BOOKMARK [2][-]{subsection.149}{\376\377\000T\000h\000e\000\040\000F\000i\000v\000e\000\040\000T\000y\000p\000e\000s\000\040\000M\000o\000d\000e\000l}{section.146}% 78
\BOOKMARK [3][-]{section*.157}{\376\377\000B\000e\000n\000e\000f\000i\000t\000s}{subsection.149}% 79
\BOOKMARK [3][-]{section*.158}{\376\377\000C\000r\000i\000t\000i\000q\000u\000e\000s}{subsection.149}% 80
\BOOKMARK [0][-]{chapter.159}{\376\377\000G\000o\000-\000o\000p}{}% 81
\BOOKMARK [1][-]{section.160}{\376\377\000W\000e\000l\000c\000o\000m\000e\000\040\000P\000a\000g\000e}{chapter.159}% 82
\BOOKMARK [1][-]{section.162}{\376\377\000R\000e\000g\000i\000s\000t\000r\000a\000t\000i\000o\000n}{chapter.159}% 83
\BOOKMARK [1][-]{section.164}{\376\377\000H\000o\000m\000e\000\040\000P\000a\000g\000e}{chapter.159}% 84
\BOOKMARK [1][-]{section.166}{\376\377\000M\000y\000\040\000C\000o\000o\000p\000s}{chapter.159}% 85
\BOOKMARK [2][-]{subsection.168}{\376\377\000C\000r\000e\000a\000t\000i\000n\000g\000\040\000A\000\040\000C\000o\000o\000p}{section.166}% 86
\BOOKMARK [1][-]{section.170}{\376\377\000C\000o\000o\000p\000\040\000P\000a\000g\000e}{chapter.159}% 87
\BOOKMARK [2][-]{subsection.172}{\376\377\000C\000r\000e\000a\000t\000i\000n\000g\000\040\000A\000\040\000P\000r\000o\000p\000o\000s\000a\000l}{section.170}% 88
\BOOKMARK [2][-]{subsection.174}{\376\377\000V\000o\000t\000i\000n\000g\000\040\000O\000n\000\040\000A\000\040\000P\000r\000o\000p\000o\000s\000a\000l}{section.170}% 89
\BOOKMARK [1][-]{section.176}{\376\377\000L\000o\000a\000d\000i\000n\000g\000\040\000S\000c\000r\000e\000e\000n\000s}{chapter.159}% 90
\BOOKMARK [0][-]{chapter.178}{\376\377\000I\000m\000p\000l\000e\000m\000e\000n\000t\000a\000t\000i\000o\000n}{}% 91
\BOOKMARK [1][-]{section.179}{\376\377\000A\000r\000c\000h\000i\000t\000e\000c\000t\000u\000r\000e}{chapter.178}% 92
\BOOKMARK [1][-]{section.181}{\376\377\000G\000o\000-\000o\000p\000\040\000S\000m\000a\000r\000t\000\040\000C\000o\000n\000t\000r\000a\000c\000t\000\040\000S\000y\000s\000t\000e\000m}{chapter.178}% 93
\BOOKMARK [2][-]{subsection.183}{\376\377\000C\000M\000C}{section.181}% 94
\BOOKMARK [2][-]{subsection.184}{\376\377\000C\000M\000C\000E\000n\000a\000b\000l\000e\000d}{section.181}% 95
\BOOKMARK [2][-]{subsection.185}{\376\377\000U\000s\000e\000r\000R\000e\000g\000i\000s\000t\000r\000y\000\040\000\046\000\040\000U\000s\000e\000r\000C\000o\000n\000t\000r\000o\000l\000l\000e\000r}{section.181}% 96
\BOOKMARK [2][-]{subsection.190}{\376\377\000C\000o\000o\000p\000R\000e\000g\000i\000s\000t\000r\000y}{section.181}% 97
\BOOKMARK [2][-]{subsection.192}{\376\377\000M\000e\000m\000b\000e\000r\000s\000h\000i\000p\000R\000e\000g\000i\000s\000t\000r\000y}{section.181}% 98
\BOOKMARK [2][-]{subsection.199}{\376\377\000C\000o\000o\000p\000C\000o\000n\000t\000r\000a\000c\000t}{section.181}% 99
\BOOKMARK [1][-]{section.211}{\376\377\000C\000l\000i\000e\000n\000t\000\040\000A\000p\000p\000l\000i\000c\000a\000t\000i\000o\000n}{chapter.178}% 100
\BOOKMARK [2][-]{subsection.212}{\376\377\000M\000e\000t\000e\000o\000r\000\040\000F\000r\000a\000m\000e\000w\000o\000r\000k}{section.211}% 101
\BOOKMARK [2][-]{subsection.213}{\376\377\000A\000p\000p\000l\000i\000c\000a\000t\000i\000o\000n\000\040\000S\000t\000r\000u\000c\000t\000u\000r\000e}{section.211}% 102
\BOOKMARK [2][-]{subsection.215}{\376\377\000A\000P\000I}{section.211}% 103
\BOOKMARK [3][-]{section*.216}{\376\377\000d\000a\000t\000a\000b\000a\000s\000e}{subsection.215}% 104
\BOOKMARK [3][-]{section*.224}{\376\377\000E\000t\000h\000e\000r\000e\000u\000m\000\040\000R\000e\000a\000c\000t\000o\000r\000s}{subsection.215}% 105
\BOOKMARK [2][-]{subsection.228}{\376\377\000U\000s\000e\000r\000\040\000I\000n\000t\000e\000r\000f\000a\000c\000e}{section.211}% 106
\BOOKMARK [2][-]{subsection.229}{\376\377\000U\000s\000e\000r\000\040\000E\000x\000p\000e\000r\000i\000e\000n\000c\000e}{section.211}% 107
\BOOKMARK [2][-]{subsection.230}{\376\377\000D\000e\000p\000l\000o\000y\000m\000e\000n\000t\000\040\000S\000c\000r\000i\000p\000t}{section.211}% 108
\BOOKMARK [0][-]{chapter.231}{\376\377\000E\000v\000a\000l\000u\000t\000a\000t\000i\000o\000n}{}% 109
\BOOKMARK [1][-]{section.232}{\376\377\000T\000e\000c\000h\000n\000o\000l\000o\000g\000y}{chapter.231}% 110
\BOOKMARK [2][-]{subsection.233}{\376\377\000C\000o\000n\000t\000r\000a\000c\000t\000\040\000d\000e\000v\000e\000l\000o\000p\000m\000e\000n\000t}{section.232}% 111
\BOOKMARK [2][-]{subsection.234}{\376\377\000E\000t\000h\000e\000r\000e\000u\000m\000\040\000c\000l\000i\000e\000n\000t\000s}{section.232}% 112
\BOOKMARK [2][-]{subsection.235}{\376\377\000E\000t\000h\000e\000r\000e\000u\000m\000\040\000P\000r\000o\000j\000e\000c\000t}{section.232}% 113
\BOOKMARK [2][-]{subsection.236}{\376\377\000F\000r\000a\000m\000e\000w\000o\000r\000k\000s}{section.232}% 114
\BOOKMARK [2][-]{subsection.240}{\376\377\000I\000P\000F\000S}{section.232}% 115
\BOOKMARK [1][-]{section.241}{\376\377\000S\000o\000l\000u\000t\000i\000o\000n}{chapter.231}% 116
\BOOKMARK [2][-]{subsection.242}{\376\377\000C\000o\000s\000t\000\040\000a\000n\000a\000l\000y\000s\000i\000s}{section.241}% 117
\BOOKMARK [2][-]{subsection.243}{\376\377\000S\000e\000c\000u\000r\000i\000t\000y\000\040\000a\000n\000a\000l\000y\000s\000i\000s}{section.241}% 118
\BOOKMARK [2][-]{subsection.244}{\376\377\000P\000e\000r\000f\000o\000r\000m\000a\000n\000c\000e\000\040\000A\000n\000a\000l\000y\000s\000i\000s}{section.241}% 119
\BOOKMARK [2][-]{subsection.245}{\376\377\000F\000i\000t\000\040\000f\000o\000r\000\040\000p\000u\000r\000p\000o\000s\000e}{section.241}% 120
\BOOKMARK [0][-]{chapter.246}{\376\377\000C\000o\000n\000c\000l\000u\000s\000i\000o\000n}{}% 121
\BOOKMARK [0][-]{appendix.247}{\376\377\000A\000p\000p\000e\000n\000d\000i\000x\000\040\000T\000i\000t\000l\000e\000\040\000H\000e\000r\000e}{}% 122
\BOOKMARK [0][-]{appendix*.248}{\376\377\000B\000i\000b\000l\000i\000o\000g\000r\000a\000p\000h\000y}{}% 123
